0 info it worked if it ends with ok
1 verbose cli [ '/home/codio/.nvm/v0.10.33/bin/node',
1 verbose cli   '/home/codio/.nvm/v0.10.33/bin/npm',
1 verbose cli   'install',
1 verbose cli   '-g',
1 verbose cli   'supervisior' ]
2 info using npm@1.4.28
3 info using node@v0.10.33
4 verbose cache add [ 'supervisior', null ]
5 verbose cache add name=undefined spec="supervisior" args=["supervisior",null]
6 verbose parsed url { protocol: null,
6 verbose parsed url   slashes: null,
6 verbose parsed url   auth: null,
6 verbose parsed url   host: null,
6 verbose parsed url   port: null,
6 verbose parsed url   hostname: null,
6 verbose parsed url   hash: null,
6 verbose parsed url   search: null,
6 verbose parsed url   query: null,
6 verbose parsed url   pathname: 'supervisior',
6 verbose parsed url   path: 'supervisior',
6 verbose parsed url   href: 'supervisior' }
7 silly lockFile fd61d367-supervisior supervisior
8 verbose lock supervisior /home/codio/.npm/fd61d367-supervisior.lock
9 silly lockFile fd61d367-supervisior supervisior
10 silly lockFile fd61d367-supervisior supervisior
11 verbose addNamed [ 'supervisior', '' ]
12 verbose addNamed [ null, '*' ]
13 silly lockFile d95fe3a1-supervisior supervisior@
14 verbose lock supervisior@ /home/codio/.npm/d95fe3a1-supervisior.lock
15 silly addNameRange { name: 'supervisior', range: '*', hasData: false }
16 verbose request where is /supervisior
17 verbose request registry https://registry.npmjs.org/
18 verbose request id fa92b8f6f96130dd
19 verbose url raw /supervisior
20 verbose url resolving [ 'https://registry.npmjs.org/', './supervisior' ]
21 verbose url resolved https://registry.npmjs.org/supervisior
22 verbose request where is https://registry.npmjs.org/supervisior
23 info trying registry request attempt 1 at 15:04:52
24 http GET https://registry.npmjs.org/supervisior
25 http 404 https://registry.npmjs.org/supervisior
26 verbose headers { date: 'Mon, 27 Apr 2015 15:04:53 GMT',
26 verbose headers   server: 'CouchDB/1.5.0 (Erlang OTP/R16B03)',
26 verbose headers   'content-type': 'application/json',
26 verbose headers   'cache-control': 'max-age=0',
26 verbose headers   'content-length': '51',
26 verbose headers   'accept-ranges': 'bytes',
26 verbose headers   via: '1.1 varnish',
26 verbose headers   age: '0',
26 verbose headers   'x-served-by': 'cache-iad2138-IAD',
26 verbose headers   'x-cache': 'MISS',
26 verbose headers   'x-cache-hits': '0',
26 verbose headers   'x-timer': 'S1430147092.994815,VS0,VE17',
26 verbose headers   'keep-alive': 'timeout=10, max=50',
26 verbose headers   connection: 'Keep-Alive' }
27 silly registry.get cb [ 404,
27 silly registry.get   { date: 'Mon, 27 Apr 2015 15:04:53 GMT',
27 silly registry.get     server: 'CouchDB/1.5.0 (Erlang OTP/R16B03)',
27 silly registry.get     'content-type': 'application/json',
27 silly registry.get     'cache-control': 'max-age=0',
27 silly registry.get     'content-length': '51',
27 silly registry.get     'accept-ranges': 'bytes',
27 silly registry.get     via: '1.1 varnish',
27 silly registry.get     age: '0',
27 silly registry.get     'x-served-by': 'cache-iad2138-IAD',
27 silly registry.get     'x-cache': 'MISS',
27 silly registry.get     'x-cache-hits': '0',
27 silly registry.get     'x-timer': 'S1430147092.994815,VS0,VE17',
27 silly registry.get     'keep-alive': 'timeout=10, max=50',
27 silly registry.get     connection: 'Keep-Alive' } ]
28 silly lockFile d95fe3a1-supervisior supervisior@
29 silly lockFile d95fe3a1-supervisior supervisior@
30 error 404 404 Not Found: supervisior
30 error 404
30 error 404 'supervisior' is not in the npm registry.
30 error 404 You should bug the author to publish it
30 error 404
30 error 404 Note that you can also install from a
30 error 404 tarball, folder, or http url, or git url.
31 error System Linux 3.16.0-34-generic
32 error command "/home/codio/.nvm/v0.10.33/bin/node" "/home/codio/.nvm/v0.10.33/bin/npm" "install" "-g" "supervisior"
33 error cwd /home/codio/workspace
34 error node -v v0.10.33
35 error npm -v 1.4.28
36 error code E404
37 verbose exit [ 1, true ]
